  Ball.cpp
z:\c\projet casse brique\templatesfml_vscommunity2017\ball.cpp(10): warning C4244: 'argument' : conversion de 'time_t' en 'unsigned int', perte possible de données
z:\c\projet casse brique\templatesfml_vscommunity2017\ball.cpp(19): warning C4244: '=' : conversion de 'double' en 'T', perte possible de données
          with
          [
              T=float
          ]
z:\c\projet casse brique\templatesfml_vscommunity2017\ball.cpp(20): warning C4244: '=' : conversion de 'double' en 'T', perte possible de données
          with
          [
              T=float
          ]
z:\c\projet casse brique\templatesfml_vscommunity2017\ball.cpp(25): warning C4244: '=' : conversion de 'int' en 'T', perte possible de données
          with
          [
              T=float
          ]
z:\c\projet casse brique\templatesfml_vscommunity2017\ball.cpp(26): warning C4244: '=' : conversion de 'int' en 'T', perte possible de données
          with
          [
              T=float
          ]
z:\c\projet casse brique\templatesfml_vscommunity2017\ball.cpp(30): warning C4244: 'argument' : conversion de 'int' en 'float', perte possible de données
  main.cpp
z:\c\projet casse brique\templatesfml_vscommunity2017\main.cpp(40): warning C4244: 'argument' : conversion de 'T' en 'T', perte possible de données
          with
          [
              T=unsigned int
          ]
          and
          [
              T=float
          ]
z:\c\projet casse brique\templatesfml_vscommunity2017\main.cpp(91): warning C4244: 'argument' : conversion de 'T' en 'float', perte possible de données
          with
          [
              T=unsigned int
          ]
z:\c\projet casse brique\templatesfml_vscommunity2017\main.cpp(96): warning C4018: '<' : incompatibilité signed/unsigned
z:\c\projet casse brique\templatesfml_vscommunity2017\main.cpp(99): warning C4244: 'argument' : conversion de 'double' en 'sf::Uint8', perte possible de données
z:\c\projet casse brique\templatesfml_vscommunity2017\main.cpp(100): warning C4244: 'argument' : conversion de 'int' en 'float', perte possible de données
  Génération de code en cours...
  TemplateSFML.vcxproj -> Z:\C\Projet casse brique\TemplateSFML_VSCommunity2017\x64\Debug\TemplateSFML.exe
